生成启动时间为 2018/12/31 星期一 下午 6:10:34。
     1>项目“C:\Users\Administrator\Documents\Visual Studio 2013\Projects\Studentdrommanege\Studentdrommanege\18.12.28\18.12.28\18.12.28.vcxproj”在节点 2 上(Build 个目标)。
     1>ClCompile:
         D:\新建文件夹 (2)\vc2013.1\VC\bin\CL.exe /c /ZI /nologo /W3 /WX- /sdl /Od /Oy- /D _MBCS /Gm /EHsc /RTC1 /MDd /GS /fp:precise /Zc:wchar_t /Zc:forScope /Fo"Debug\\" /Fd"Debug\vc120.pdb" /Gd /TP /analyze- /errorReport:prompt "源.cpp"
         源.cpp
     1>c:\users\administrator\documents\visual studio 2013\projects\studentdrommanege\studentdrommanege\18.12.28\18.12.28\源.cpp(24): warning C4101: “t”: 未引用的局部变量
     1>c:\users\administrator\documents\visual studio 2013\projects\studentdrommanege\studentdrommanege\18.12.28\18.12.28\源.cpp(20): error C4700: 使用了未初始化的局部变量“n”
     1>c:\users\administrator\documents\visual studio 2013\projects\studentdrommanege\studentdrommanege\18.12.28\18.12.28\源.cpp(21): error C4700: 使用了未初始化的局部变量“t”
     1>已完成生成项目“C:\Users\Administrator\Documents\Visual Studio 2013\Projects\Studentdrommanege\Studentdrommanege\18.12.28\18.12.28\18.12.28.vcxproj”(Build 个目标)的操作 - 失败。

生成失败。

已用时间 00:00:00.41
